[2017-04-23 16:42:05.019] [INFO] cheese - ::1 - - "GET / HTTP/1.1" 200 525 "" "Mozilla/5.0 (Macintosh; Intel Mac OS X 10_12_4) AppleWebKit/537.36 (KHTML, like Gecko) Chrome/57.0.2987.133 Safari/537.36"
[2017-04-23 16:42:05.044] [INFO] cheese - ::1 - - "GET /stylesheets/style.css HTTP/1.1" 404 1126 "http://localhost:3000/" "Mozilla/5.0 (Macintosh; Intel Mac OS X 10_12_4) AppleWebKit/537.36 (KHTML, like Gecko) Chrome/57.0.2987.133 Safari/537.36"
[2017-04-23 16:42:07.369] [INFO] cheese - ::1 - - "GET /signup HTTP/1.1" 200 733 "http://localhost:3000/" "Mozilla/5.0 (Macintosh; Intel Mac OS X 10_12_4) AppleWebKit/537.36 (KHTML, like Gecko) Chrome/57.0.2987.133 Safari/537.36"
[2017-04-23 16:42:07.399] [INFO] cheese - ::1 - - "GET /css/loader.css HTTP/1.1" 200 4037 "http://localhost:3000/signup" "Mozilla/5.0 (Macintosh; Intel Mac OS X 10_12_4) AppleWebKit/537.36 (KHTML, like Gecko) Chrome/57.0.2987.133 Safari/537.36"
[2017-04-23 16:42:07.422] [INFO] cheese - ::1 - - "GET /build/vendor.bundle.js HTTP/1.1" 200 713644 "http://localhost:3000/signup" "Mozilla/5.0 (Macintosh; Intel Mac OS X 10_12_4) AppleWebKit/537.36 (KHTML, like Gecko) Chrome/57.0.2987.133 Safari/537.36"
[2017-04-23 16:42:07.481] [INFO] cheese - ::1 - - "GET /build/signup.bundle.js HTTP/1.1" 200 2296607 "http://localhost:3000/signup" "Mozilla/5.0 (Macintosh; Intel Mac OS X 10_12_4) AppleWebKit/537.36 (KHTML, like Gecko) Chrome/57.0.2987.133 Safari/537.36"
[2017-04-23 16:42:13.179] [INFO] cheese - ::1 - - "GET /signup HTTP/1.1" 200 733 "http://localhost:3000/" "Mozilla/5.0 (Macintosh; Intel Mac OS X 10_12_4) AppleWebKit/537.36 (KHTML, like Gecko) Chrome/57.0.2987.133 Safari/537.36"
[2017-04-23 16:42:13.207] [INFO] cheese - ::1 - - "GET /css/loader.css HTTP/1.1" 200 4037 "http://localhost:3000/signup" "Mozilla/5.0 (Macintosh; Intel Mac OS X 10_12_4) AppleWebKit/537.36 (KHTML, like Gecko) Chrome/57.0.2987.133 Safari/537.36"
[2017-04-23 16:42:13.233] [INFO] cheese - ::1 - - "GET /build/vendor.bundle.js HTTP/1.1" 200 713644 "http://localhost:3000/signup" "Mozilla/5.0 (Macintosh; Intel Mac OS X 10_12_4) AppleWebKit/537.36 (KHTML, like Gecko) Chrome/57.0.2987.133 Safari/537.36"
[2017-04-23 16:42:13.343] [INFO] cheese - ::1 - - "GET /build/signup.bundle.js HTTP/1.1" 200 2296607 "http://localhost:3000/signup" "Mozilla/5.0 (Macintosh; Intel Mac OS X 10_12_4) AppleWebKit/537.36 (KHTML, like Gecko) Chrome/57.0.2987.133 Safari/537.36"
[2017-04-23 16:42:17.706] [INFO] cheese - ::1 - - "GET / HTTP/1.1" 200 525 "" "Mozilla/5.0 (Macintosh; Intel Mac OS X 10_12_4) AppleWebKit/537.36 (KHTML, like Gecko) Chrome/57.0.2987.133 Safari/537.36"
[2017-04-23 16:42:17.723] [INFO] cheese - ::1 - - "GET /stylesheets/style.css HTTP/1.1" 404 1126 "http://localhost:3000/" "Mozilla/5.0 (Macintosh; Intel Mac OS X 10_12_4) AppleWebKit/537.36 (KHTML, like Gecko) Chrome/57.0.2987.133 Safari/537.36"
[2017-04-23 16:42:17.787] [INFO] cheese - ::1 - - "GET / HTTP/1.1" 200 525 "" "Mozilla/5.0 (Macintosh; Intel Mac OS X 10_12_4) AppleWebKit/537.36 (KHTML, like Gecko) Chrome/57.0.2987.133 Safari/537.36"
[2017-04-23 16:42:17.808] [INFO] cheese - ::1 - - "GET /stylesheets/style.css HTTP/1.1" 404 1126 "http://localhost:3000/" "Mozilla/5.0 (Macintosh; Intel Mac OS X 10_12_4) AppleWebKit/537.36 (KHTML, like Gecko) Chrome/57.0.2987.133 Safari/537.36"
[2017-04-23 16:42:19.305] [INFO] cheese - ::1 - - "GET /admin HTTP/1.1" 200 710 "http://localhost:3000/" "Mozilla/5.0 (Macintosh; Intel Mac OS X 10_12_4) AppleWebKit/537.36 (KHTML, like Gecko) Chrome/57.0.2987.133 Safari/537.36"
[2017-04-23 16:42:19.332] [INFO] cheese - ::1 - - "GET /css/loader.css HTTP/1.1" 200 4037 "http://localhost:3000/admin" "Mozilla/5.0 (Macintosh; Intel Mac OS X 10_12_4) AppleWebKit/537.36 (KHTML, like Gecko) Chrome/57.0.2987.133 Safari/537.36"
[2017-04-23 16:42:19.354] [INFO] cheese - ::1 - - "GET /build/vendor.bundle.js HTTP/1.1" 200 713644 "http://localhost:3000/admin" "Mozilla/5.0 (Macintosh; Intel Mac OS X 10_12_4) AppleWebKit/537.36 (KHTML, like Gecko) Chrome/57.0.2987.133 Safari/537.36"
[2017-04-23 16:42:19.417] [INFO] cheese - ::1 - - "GET /build/admin.bundle.js HTTP/1.1" 200 1818107 "http://localhost:3000/admin" "Mozilla/5.0 (Macintosh; Intel Mac OS X 10_12_4) AppleWebKit/537.36 (KHTML, like Gecko) Chrome/57.0.2987.133 Safari/537.36"
[2017-04-23 17:05:24.950] [INFO] cheese - ::1 - - "GET /css/loader.css HTTP/1.1" 200 4037 "http://localhost:3000/admin" "Mozilla/5.0 (Macintosh; Intel Mac OS X 10_12_4) AppleWebKit/537.36 (KHTML, like Gecko) Chrome/57.0.2987.133 Safari/537.36"
[2017-04-23 17:05:37.724] [INFO] cheese - ::1 - - "GET /admin HTTP/1.1" 200 710 "http://localhost:3000/" "Mozilla/5.0 (Macintosh; Intel Mac OS X 10_12_4) AppleWebKit/537.36 (KHTML, like Gecko) Chrome/57.0.2987.133 Safari/537.36"
[2017-04-23 17:05:37.761] [INFO] cheese - ::1 - - "GET /css/loader.css HTTP/1.1" 200 4037 "http://localhost:3000/admin" "Mozilla/5.0 (Macintosh; Intel Mac OS X 10_12_4) AppleWebKit/537.36 (KHTML, like Gecko) Chrome/57.0.2987.133 Safari/537.36"
[2017-04-23 17:05:37.801] [INFO] cheese - ::1 - - "GET /build/vendor.bundle.js HTTP/1.1" 200 713644 "http://localhost:3000/admin" "Mozilla/5.0 (Macintosh; Intel Mac OS X 10_12_4) AppleWebKit/537.36 (KHTML, like Gecko) Chrome/57.0.2987.133 Safari/537.36"
[2017-04-23 17:05:37.978] [INFO] cheese - ::1 - - "GET /build/admin.bundle.js HTTP/1.1" 200 1818107 "http://localhost:3000/admin" "Mozilla/5.0 (Macintosh; Intel Mac OS X 10_12_4) AppleWebKit/537.36 (KHTML, like Gecko) Chrome/57.0.2987.133 Safari/537.36"
[2017-04-23 17:07:05.705] [INFO] cheese - ::1 - - "GET /admin HTTP/1.1" 200 710 "http://localhost:3000/" "Mozilla/5.0 (Macintosh; Intel Mac OS X 10_12_4) AppleWebKit/537.36 (KHTML, like Gecko) Chrome/57.0.2987.133 Safari/537.36"
[2017-04-23 17:07:05.731] [INFO] cheese - ::1 - - "GET /css/loader.css HTTP/1.1" 200 4037 "http://localhost:3000/admin" "Mozilla/5.0 (Macintosh; Intel Mac OS X 10_12_4) AppleWebKit/537.36 (KHTML, like Gecko) Chrome/57.0.2987.133 Safari/537.36"
[2017-04-23 17:07:05.762] [INFO] cheese - ::1 - - "GET /build/vendor.bundle.js HTTP/1.1" 200 713644 "http://localhost:3000/admin" "Mozilla/5.0 (Macintosh; Intel Mac OS X 10_12_4) AppleWebKit/537.36 (KHTML, like Gecko) Chrome/57.0.2987.133 Safari/537.36"
[2017-04-23 17:07:05.937] [INFO] cheese - ::1 - - "GET /build/admin.bundle.js HTTP/1.1" 200 1818107 "http://localhost:3000/admin" "Mozilla/5.0 (Macintosh; Intel Mac OS X 10_12_4) AppleWebKit/537.36 (KHTML, like Gecko) Chrome/57.0.2987.133 Safari/537.36"
[2017-04-23 17:07:28.834] [INFO] cheese - ::1 - - "GET / HTTP/1.1" 200 525 "" "Mozilla/5.0 (Macintosh; Intel Mac OS X 10_12_4) AppleWebKit/537.36 (KHTML, like Gecko) Chrome/57.0.2987.133 Safari/537.36"
[2017-04-23 17:07:28.863] [INFO] cheese - ::1 - - "GET /stylesheets/style.css HTTP/1.1" 404 1126 "http://localhost:3000/" "Mozilla/5.0 (Macintosh; Intel Mac OS X 10_12_4) AppleWebKit/537.36 (KHTML, like Gecko) Chrome/57.0.2987.133 Safari/537.36"
[2017-04-23 17:07:30.188] [INFO] cheese - ::1 - - "GET /signup HTTP/1.1" 200 733 "http://localhost:3000/" "Mozilla/5.0 (Macintosh; Intel Mac OS X 10_12_4) AppleWebKit/537.36 (KHTML, like Gecko) Chrome/57.0.2987.133 Safari/537.36"
[2017-04-23 17:07:30.212] [INFO] cheese - ::1 - - "GET /css/loader.css HTTP/1.1" 200 4037 "http://localhost:3000/signup" "Mozilla/5.0 (Macintosh; Intel Mac OS X 10_12_4) AppleWebKit/537.36 (KHTML, like Gecko) Chrome/57.0.2987.133 Safari/537.36"
[2017-04-23 17:07:30.236] [INFO] cheese - ::1 - - "GET /build/vendor.bundle.js HTTP/1.1" 200 713644 "http://localhost:3000/signup" "Mozilla/5.0 (Macintosh; Intel Mac OS X 10_12_4) AppleWebKit/537.36 (KHTML, like Gecko) Chrome/57.0.2987.133 Safari/537.36"
[2017-04-23 17:07:30.482] [INFO] cheese - ::1 - - "GET /build/signup.bundle.js HTTP/1.1" 200 2296607 "http://localhost:3000/signup" "Mozilla/5.0 (Macintosh; Intel Mac OS X 10_12_4) AppleWebKit/537.36 (KHTML, like Gecko) Chrome/57.0.2987.133 Safari/537.36"
[2017-04-23 17:07:36.900] [INFO] cheese - ::1 - - "GET /css/loader.css HTTP/1.1" 200 4037 "http://localhost:3000/signup" "Mozilla/5.0 (Macintosh; Intel Mac OS X 10_12_4) AppleWebKit/537.36 (KHTML, like Gecko) Chrome/57.0.2987.133 Safari/537.36"
[2017-04-23 17:07:39.086] [INFO] cheese - ::1 - - "GET /signup HTTP/1.1" 200 733 "http://localhost:3000/" "Mozilla/5.0 (Macintosh; Intel Mac OS X 10_12_4) AppleWebKit/537.36 (KHTML, like Gecko) Chrome/57.0.2987.133 Safari/537.36"
[2017-04-23 17:07:39.105] [INFO] cheese - ::1 - - "GET /css/loader.css HTTP/1.1" 200 4037 "http://localhost:3000/signup" "Mozilla/5.0 (Macintosh; Intel Mac OS X 10_12_4) AppleWebKit/537.36 (KHTML, like Gecko) Chrome/57.0.2987.133 Safari/537.36"
[2017-04-23 17:07:39.119] [INFO] cheese - ::1 - - "GET /build/vendor.bundle.js HTTP/1.1" 200 713644 "http://localhost:3000/signup" "Mozilla/5.0 (Macintosh; Intel Mac OS X 10_12_4) AppleWebKit/537.36 (KHTML, like Gecko) Chrome/57.0.2987.133 Safari/537.36"
[2017-04-23 17:07:39.375] [INFO] cheese - ::1 - - "GET /build/signup.bundle.js HTTP/1.1" 200 2296607 "http://localhost:3000/signup" "Mozilla/5.0 (Macintosh; Intel Mac OS X 10_12_4) AppleWebKit/537.36 (KHTML, like Gecko) Chrome/57.0.2987.133 Safari/537.36"
[2017-04-23 17:08:35.907] [INFO] cheese - ::1 - - "GET /signup HTTP/1.1" 200 733 "http://localhost:3000/" "Mozilla/5.0 (Macintosh; Intel Mac OS X 10_12_4) AppleWebKit/537.36 (KHTML, like Gecko) Chrome/57.0.2987.133 Safari/537.36"
[2017-04-23 17:08:35.971] [INFO] cheese - ::1 - - "GET /css/loader.css HTTP/1.1" 200 4037 "http://localhost:3000/signup" "Mozilla/5.0 (Macintosh; Intel Mac OS X 10_12_4) AppleWebKit/537.36 (KHTML, like Gecko) Chrome/57.0.2987.133 Safari/537.36"
[2017-04-23 17:08:35.995] [INFO] cheese - ::1 - - "GET /build/vendor.bundle.js HTTP/1.1" 200 713644 "http://localhost:3000/signup" "Mozilla/5.0 (Macintosh; Intel Mac OS X 10_12_4) AppleWebKit/537.36 (KHTML, like Gecko) Chrome/57.0.2987.133 Safari/537.36"
[2017-04-23 17:08:36.252] [INFO] cheese - ::1 - - "GET /build/signup.bundle.js HTTP/1.1" 200 2296607 "http://localhost:3000/signup" "Mozilla/5.0 (Macintosh; Intel Mac OS X 10_12_4) AppleWebKit/537.36 (KHTML, like Gecko) Chrome/57.0.2987.133 Safari/537.36"
[2017-04-23 17:08:41.170] [INFO] cheese - ::1 - - "GET /signup HTTP/1.1" 200 733 "http://localhost:3000/" "Mozilla/5.0 (Macintosh; Intel Mac OS X 10_12_4) AppleWebKit/537.36 (KHTML, like Gecko) Chrome/57.0.2987.133 Safari/537.36"
[2017-04-23 17:08:41.232] [INFO] cheese - ::1 - - "GET /css/loader.css HTTP/1.1" 200 4037 "http://localhost:3000/signup" "Mozilla/5.0 (Macintosh; Intel Mac OS X 10_12_4) AppleWebKit/537.36 (KHTML, like Gecko) Chrome/57.0.2987.133 Safari/537.36"
[2017-04-23 17:08:41.259] [INFO] cheese - ::1 - - "GET /build/vendor.bundle.js HTTP/1.1" 200 713644 "http://localhost:3000/signup" "Mozilla/5.0 (Macintosh; Intel Mac OS X 10_12_4) AppleWebKit/537.36 (KHTML, like Gecko) Chrome/57.0.2987.133 Safari/537.36"
[2017-04-23 17:08:41.497] [INFO] cheese - ::1 - - "GET /build/signup.bundle.js HTTP/1.1" 200 2296607 "http://localhost:3000/signup" "Mozilla/5.0 (Macintosh; Intel Mac OS X 10_12_4) AppleWebKit/537.36 (KHTML, like Gecko) Chrome/57.0.2987.133 Safari/537.36"
[2017-04-23 17:09:19.223] [INFO] cheese - ::1 - - "GET /signup HTTP/1.1" 200 733 "http://localhost:3000/" "Mozilla/5.0 (Macintosh; Intel Mac OS X 10_12_4) AppleWebKit/537.36 (KHTML, like Gecko) Chrome/57.0.2987.133 Safari/537.36"
[2017-04-23 17:09:19.296] [INFO] cheese - ::1 - - "GET /css/loader.css HTTP/1.1" 200 4037 "http://localhost:3000/signup" "Mozilla/5.0 (Macintosh; Intel Mac OS X 10_12_4) AppleWebKit/537.36 (KHTML, like Gecko) Chrome/57.0.2987.133 Safari/537.36"
[2017-04-23 17:09:19.319] [INFO] cheese - ::1 - - "GET /build/vendor.bundle.js HTTP/1.1" 200 713644 "http://localhost:3000/signup" "Mozilla/5.0 (Macintosh; Intel Mac OS X 10_12_4) AppleWebKit/537.36 (KHTML, like Gecko) Chrome/57.0.2987.133 Safari/537.36"
[2017-04-23 17:09:19.669] [INFO] cheese - ::1 - - "GET /build/signup.bundle.js HTTP/1.1" 200 2296607 "http://localhost:3000/signup" "Mozilla/5.0 (Macintosh; Intel Mac OS X 10_12_4) AppleWebKit/537.36 (KHTML, like Gecko) Chrome/57.0.2987.133 Safari/537.36"
[2017-04-23 17:09:22.034] [INFO] cheese - ::1 - - "GET / HTTP/1.1" 200 525 "" "Mozilla/5.0 (Macintosh; Intel Mac OS X 10_12_4) AppleWebKit/537.36 (KHTML, like Gecko) Chrome/57.0.2987.133 Safari/537.36"
[2017-04-23 17:09:22.067] [INFO] cheese - ::1 - - "GET /stylesheets/style.css HTTP/1.1" 404 1126 "http://localhost:3000/" "Mozilla/5.0 (Macintosh; Intel Mac OS X 10_12_4) AppleWebKit/537.36 (KHTML, like Gecko) Chrome/57.0.2987.133 Safari/537.36"
[2017-04-23 17:09:24.436] [INFO] cheese - ::1 - - "GET /signup HTTP/1.1" 200 733 "http://localhost:3000/" "Mozilla/5.0 (Macintosh; Intel Mac OS X 10_12_4) AppleWebKit/537.36 (KHTML, like Gecko) Chrome/57.0.2987.133 Safari/537.36"
[2017-04-23 17:09:24.459] [INFO] cheese - ::1 - - "GET /css/loader.css HTTP/1.1" 200 4037 "http://localhost:3000/signup" "Mozilla/5.0 (Macintosh; Intel Mac OS X 10_12_4) AppleWebKit/537.36 (KHTML, like Gecko) Chrome/57.0.2987.133 Safari/537.36"
[2017-04-23 17:09:24.477] [INFO] cheese - ::1 - - "GET /build/vendor.bundle.js HTTP/1.1" 200 713644 "http://localhost:3000/signup" "Mozilla/5.0 (Macintosh; Intel Mac OS X 10_12_4) AppleWebKit/537.36 (KHTML, like Gecko) Chrome/57.0.2987.133 Safari/537.36"
[2017-04-23 17:09:24.673] [INFO] cheese - ::1 - - "GET /build/signup.bundle.js HTTP/1.1" 200 2296607 "http://localhost:3000/signup" "Mozilla/5.0 (Macintosh; Intel Mac OS X 10_12_4) AppleWebKit/537.36 (KHTML, like Gecko) Chrome/57.0.2987.133 Safari/537.36"
[2017-04-23 17:10:01.135] [INFO] cheese - ::1 - - "GET /css/loader.css HTTP/1.1" 200 4037 "http://localhost:3000/signup" "Mozilla/5.0 (Macintosh; Intel Mac OS X 10_12_4) AppleWebKit/537.36 (KHTML, like Gecko) Chrome/57.0.2987.133 Safari/537.36"
[2017-04-23 18:40:48.530] [INFO] cheese - ::1 - - "GET / HTTP/1.1" 200 525 "" "Mozilla/5.0 (Macintosh; Intel Mac OS X 10_12_4) AppleWebKit/537.36 (KHTML, like Gecko) Chrome/57.0.2987.133 Safari/537.36"
[2017-04-23 18:40:48.552] [INFO] cheese - ::1 - - "GET /stylesheets/style.css HTTP/1.1" 404 1126 "http://localhost:3000/" "Mozilla/5.0 (Macintosh; Intel Mac OS X 10_12_4) AppleWebKit/537.36 (KHTML, like Gecko) Chrome/57.0.2987.133 Safari/537.36"
[2017-04-23 18:40:50.783] [INFO] cheese - ::1 - - "GET /admin HTTP/1.1" 200 710 "http://localhost:3000/" "Mozilla/5.0 (Macintosh; Intel Mac OS X 10_12_4) AppleWebKit/537.36 (KHTML, like Gecko) Chrome/57.0.2987.133 Safari/537.36"
[2017-04-23 18:40:50.827] [INFO] cheese - ::1 - - "GET /css/loader.css HTTP/1.1" 200 4037 "http://localhost:3000/admin" "Mozilla/5.0 (Macintosh; Intel Mac OS X 10_12_4) AppleWebKit/537.36 (KHTML, like Gecko) Chrome/57.0.2987.133 Safari/537.36"
[2017-04-23 18:40:50.850] [INFO] cheese - ::1 - - "GET /build/vendor.bundle.js HTTP/1.1" 200 713644 "http://localhost:3000/admin" "Mozilla/5.0 (Macintosh; Intel Mac OS X 10_12_4) AppleWebKit/537.36 (KHTML, like Gecko) Chrome/57.0.2987.133 Safari/537.36"
[2017-04-23 18:40:50.884] [INFO] cheese - ::1 - - "GET /build/admin.bundle.js HTTP/1.1" 200 1818107 "http://localhost:3000/admin" "Mozilla/5.0 (Macintosh; Intel Mac OS X 10_12_4) AppleWebKit/537.36 (KHTML, like Gecko) Chrome/57.0.2987.133 Safari/537.36"
[2017-04-23 18:40:53.399] [INFO] cheese - ::1 - - "GET /css/loader.css HTTP/1.1" 304 - "http://localhost:3000/admin" "Mozilla/5.0 (Macintosh; Intel Mac OS X 10_12_4) AppleWebKit/537.36 (KHTML, like Gecko) Chrome/57.0.2987.133 Safari/537.36"
[2017-04-23 18:41:07.562] [INFO] cheese - ::1 - - "GET / HTTP/1.1" 200 525 "" "Mozilla/5.0 (Macintosh; Intel Mac OS X 10_12_4) AppleWebKit/537.36 (KHTML, like Gecko) Chrome/57.0.2987.133 Safari/537.36"
[2017-04-23 18:41:07.592] [INFO] cheese - ::1 - - "GET /stylesheets/style.css HTTP/1.1" 404 1126 "http://localhost:3000/" "Mozilla/5.0 (Macintosh; Intel Mac OS X 10_12_4) AppleWebKit/537.36 (KHTML, like Gecko) Chrome/57.0.2987.133 Safari/537.36"
[2017-04-23 18:41:09.159] [INFO] cheese - ::1 - - "GET /signup HTTP/1.1" 200 733 "http://localhost:3000/" "Mozilla/5.0 (Macintosh; Intel Mac OS X 10_12_4) AppleWebKit/537.36 (KHTML, like Gecko) Chrome/57.0.2987.133 Safari/537.36"
[2017-04-23 18:41:09.186] [INFO] cheese - ::1 - - "GET /css/loader.css HTTP/1.1" 304 - "http://localhost:3000/signup" "Mozilla/5.0 (Macintosh; Intel Mac OS X 10_12_4) AppleWebKit/537.36 (KHTML, like Gecko) Chrome/57.0.2987.133 Safari/537.36"
[2017-04-23 18:41:09.192] [INFO] cheese - ::1 - - "GET /build/vendor.bundle.js HTTP/1.1" 304 - "http://localhost:3000/signup" "Mozilla/5.0 (Macintosh; Intel Mac OS X 10_12_4) AppleWebKit/537.36 (KHTML, like Gecko) Chrome/57.0.2987.133 Safari/537.36"
[2017-04-23 18:41:09.334] [INFO] cheese - ::1 - - "GET /build/signup.bundle.js HTTP/1.1" 200 2296607 "http://localhost:3000/signup" "Mozilla/5.0 (Macintosh; Intel Mac OS X 10_12_4) AppleWebKit/537.36 (KHTML, like Gecko) Chrome/57.0.2987.133 Safari/537.36"
[2017-04-23 18:41:09.713] [INFO] cheese - ::1 - - "GET /api/users? HTTP/1.1" 200 823 "http://localhost:3000/signup" "Mozilla/5.0 (Macintosh; Intel Mac OS X 10_12_4) AppleWebKit/537.36 (KHTML, like Gecko) Chrome/57.0.2987.133 Safari/537.36"
[2017-04-23 19:04:06.671] [INFO] cheese - ::1 - - "GET /signup HTTP/1.1" 304 - "http://localhost:3000/" "Mozilla/5.0 (Macintosh; Intel Mac OS X 10_12_4) AppleWebKit/537.36 (KHTML, like Gecko) Chrome/57.0.2987.133 Safari/537.36"
[2017-04-23 19:04:06.690] [INFO] cheese - ::1 - - "GET /css/loader.css HTTP/1.1" 304 - "http://localhost:3000/signup" "Mozilla/5.0 (Macintosh; Intel Mac OS X 10_12_4) AppleWebKit/537.36 (KHTML, like Gecko) Chrome/57.0.2987.133 Safari/537.36"
[2017-04-23 19:04:06.709] [INFO] cheese - ::1 - - "GET /build/vendor.bundle.js HTTP/1.1" 200 714543 "http://localhost:3000/signup" "Mozilla/5.0 (Macintosh; Intel Mac OS X 10_12_4) AppleWebKit/537.36 (KHTML, like Gecko) Chrome/57.0.2987.133 Safari/537.36"
[2017-04-23 19:04:06.842] [INFO] cheese - ::1 - - "GET /build/signup.bundle.js HTTP/1.1" 200 2296517 "http://localhost:3000/signup" "Mozilla/5.0 (Macintosh; Intel Mac OS X 10_12_4) AppleWebKit/537.36 (KHTML, like Gecko) Chrome/57.0.2987.133 Safari/537.36"
[2017-04-23 19:04:07.205] [INFO] cheese - ::1 - - "GET /api/users? HTTP/1.1" 304 - "http://localhost:3000/signup" "Mozilla/5.0 (Macintosh; Intel Mac OS X 10_12_4) AppleWebKit/537.36 (KHTML, like Gecko) Chrome/57.0.2987.133 Safari/537.36"
[2017-04-23 19:04:10.941] [INFO] cheese - ::1 - - "GET / HTTP/1.1" 304 - "" "Mozilla/5.0 (Macintosh; Intel Mac OS X 10_12_4) AppleWebKit/537.36 (KHTML, like Gecko) Chrome/57.0.2987.133 Safari/537.36"
[2017-04-23 19:04:10.965] [INFO] cheese - ::1 - - "GET /stylesheets/style.css HTTP/1.1" 404 1126 "http://localhost:3000/" "Mozilla/5.0 (Macintosh; Intel Mac OS X 10_12_4) AppleWebKit/537.36 (KHTML, like Gecko) Chrome/57.0.2987.133 Safari/537.36"
[2017-04-23 19:04:12.318] [INFO] cheese - ::1 - - "GET /admin HTTP/1.1" 304 - "http://localhost:3000/" "Mozilla/5.0 (Macintosh; Intel Mac OS X 10_12_4) AppleWebKit/537.36 (KHTML, like Gecko) Chrome/57.0.2987.133 Safari/537.36"
[2017-04-23 19:04:12.334] [INFO] cheese - ::1 - - "GET /css/loader.css HTTP/1.1" 304 - "http://localhost:3000/admin" "Mozilla/5.0 (Macintosh; Intel Mac OS X 10_12_4) AppleWebKit/537.36 (KHTML, like Gecko) Chrome/57.0.2987.133 Safari/537.36"
[2017-04-23 19:04:12.342] [INFO] cheese - ::1 - - "GET /build/vendor.bundle.js HTTP/1.1" 304 - "http://localhost:3000/admin" "Mozilla/5.0 (Macintosh; Intel Mac OS X 10_12_4) AppleWebKit/537.36 (KHTML, like Gecko) Chrome/57.0.2987.133 Safari/537.36"
[2017-04-23 19:04:12.507] [INFO] cheese - ::1 - - "GET /build/admin.bundle.js HTTP/1.1" 200 2296398 "http://localhost:3000/admin" "Mozilla/5.0 (Macintosh; Intel Mac OS X 10_12_4) AppleWebKit/537.36 (KHTML, like Gecko) Chrome/57.0.2987.133 Safari/537.36"
[2017-04-23 19:04:12.873] [INFO] cheese - ::1 - - "GET /api/users? HTTP/1.1" 304 - "http://localhost:3000/admin" "Mozilla/5.0 (Macintosh; Intel Mac OS X 10_12_4) AppleWebKit/537.36 (KHTML, like Gecko) Chrome/57.0.2987.133 Safari/537.36"
[2017-04-23 19:05:33.000] [INFO] cheese - ::1 - - "GET /admin HTTP/1.1" 304 - "http://localhost:3000/" "Mozilla/5.0 (Macintosh; Intel Mac OS X 10_12_4) AppleWebKit/537.36 (KHTML, like Gecko) Chrome/57.0.2987.133 Safari/537.36"
[2017-04-23 19:05:33.021] [INFO] cheese - ::1 - - "GET /css/loader.css HTTP/1.1" 304 - "http://localhost:3000/admin" "Mozilla/5.0 (Macintosh; Intel Mac OS X 10_12_4) AppleWebKit/537.36 (KHTML, like Gecko) Chrome/57.0.2987.133 Safari/537.36"
[2017-04-23 19:05:33.028] [INFO] cheese - ::1 - - "GET /build/vendor.bundle.js HTTP/1.1" 304 - "http://localhost:3000/admin" "Mozilla/5.0 (Macintosh; Intel Mac OS X 10_12_4) AppleWebKit/537.36 (KHTML, like Gecko) Chrome/57.0.2987.133 Safari/537.36"
[2017-04-23 19:05:33.029] [INFO] cheese - ::1 - - "GET /build/admin.bundle.js HTTP/1.1" 304 - "http://localhost:3000/admin" "Mozilla/5.0 (Macintosh; Intel Mac OS X 10_12_4) AppleWebKit/537.36 (KHTML, like Gecko) Chrome/57.0.2987.133 Safari/537.36"
[2017-04-23 19:05:33.507] [INFO] cheese - ::1 - - "GET /api/users? HTTP/1.1" 304 - "http://localhost:3000/admin" "Mozilla/5.0 (Macintosh; Intel Mac OS X 10_12_4) AppleWebKit/537.36 (KHTML, like Gecko) Chrome/57.0.2987.133 Safari/537.36"
[2017-04-23 19:05:35.952] [INFO] cheese - ::1 - - "GET /admin HTTP/1.1" 304 - "http://localhost:3000/" "Mozilla/5.0 (Macintosh; Intel Mac OS X 10_12_4) AppleWebKit/537.36 (KHTML, like Gecko) Chrome/57.0.2987.133 Safari/537.36"
[2017-04-23 19:05:35.967] [INFO] cheese - ::1 - - "GET /css/loader.css HTTP/1.1" 304 - "http://localhost:3000/admin" "Mozilla/5.0 (Macintosh; Intel Mac OS X 10_12_4) AppleWebKit/537.36 (KHTML, like Gecko) Chrome/57.0.2987.133 Safari/537.36"
[2017-04-23 19:05:35.972] [INFO] cheese - ::1 - - "GET /build/vendor.bundle.js HTTP/1.1" 304 - "http://localhost:3000/admin" "Mozilla/5.0 (Macintosh; Intel Mac OS X 10_12_4) AppleWebKit/537.36 (KHTML, like Gecko) Chrome/57.0.2987.133 Safari/537.36"
[2017-04-23 19:05:35.973] [INFO] cheese - ::1 - - "GET /build/admin.bundle.js HTTP/1.1" 304 - "http://localhost:3000/admin" "Mozilla/5.0 (Macintosh; Intel Mac OS X 10_12_4) AppleWebKit/537.36 (KHTML, like Gecko) Chrome/57.0.2987.133 Safari/537.36"
[2017-04-23 19:05:36.303] [INFO] cheese - ::1 - - "GET /api/users? HTTP/1.1" 304 - "http://localhost:3000/admin" "Mozilla/5.0 (Macintosh; Intel Mac OS X 10_12_4) AppleWebKit/537.36 (KHTML, like Gecko) Chrome/57.0.2987.133 Safari/537.36"
[2017-04-23 19:06:10.891] [INFO] cheese - ::1 - - "GET /admin HTTP/1.1" 304 - "http://localhost:3000/" "Mozilla/5.0 (Macintosh; Intel Mac OS X 10_12_4) AppleWebKit/537.36 (KHTML, like Gecko) Chrome/57.0.2987.133 Safari/537.36"
[2017-04-23 19:06:10.910] [INFO] cheese - ::1 - - "GET /css/loader.css HTTP/1.1" 304 - "http://localhost:3000/admin" "Mozilla/5.0 (Macintosh; Intel Mac OS X 10_12_4) AppleWebKit/537.36 (KHTML, like Gecko) Chrome/57.0.2987.133 Safari/537.36"
[2017-04-23 19:06:10.911] [INFO] cheese - ::1 - - "GET /build/vendor.bundle.js HTTP/1.1" 304 - "http://localhost:3000/admin" "Mozilla/5.0 (Macintosh; Intel Mac OS X 10_12_4) AppleWebKit/537.36 (KHTML, like Gecko) Chrome/57.0.2987.133 Safari/537.36"
[2017-04-23 19:06:10.924] [INFO] cheese - ::1 - - "GET /build/admin.bundle.js HTTP/1.1" 304 - "http://localhost:3000/admin" "Mozilla/5.0 (Macintosh; Intel Mac OS X 10_12_4) AppleWebKit/537.36 (KHTML, like Gecko) Chrome/57.0.2987.133 Safari/537.36"
[2017-04-23 19:06:11.329] [INFO] cheese - ::1 - - "GET /api/users? HTTP/1.1" 304 - "http://localhost:3000/admin" "Mozilla/5.0 (Macintosh; Intel Mac OS X 10_12_4) AppleWebKit/537.36 (KHTML, like Gecko) Chrome/57.0.2987.133 Safari/537.36"
[2017-04-23 19:07:00.084] [INFO] cheese - ::1 - - "GET /admin HTTP/1.1" 304 - "http://localhost:3000/" "Mozilla/5.0 (Macintosh; Intel Mac OS X 10_12_4) AppleWebKit/537.36 (KHTML, like Gecko) Chrome/57.0.2987.133 Safari/537.36"
[2017-04-23 19:07:00.111] [INFO] cheese - ::1 - - "GET /css/loader.css HTTP/1.1" 304 - "http://localhost:3000/admin" "Mozilla/5.0 (Macintosh; Intel Mac OS X 10_12_4) AppleWebKit/537.36 (KHTML, like Gecko) Chrome/57.0.2987.133 Safari/537.36"
[2017-04-23 19:07:00.121] [INFO] cheese - ::1 - - "GET /build/vendor.bundle.js HTTP/1.1" 200 714543 "http://localhost:3000/admin" "Mozilla/5.0 (Macintosh; Intel Mac OS X 10_12_4) AppleWebKit/537.36 (KHTML, like Gecko) Chrome/57.0.2987.133 Safari/537.36"
[2017-04-23 19:07:00.312] [INFO] cheese - ::1 - - "GET /build/admin.bundle.js HTTP/1.1" 200 2296398 "http://localhost:3000/admin" "Mozilla/5.0 (Macintosh; Intel Mac OS X 10_12_4) AppleWebKit/537.36 (KHTML, like Gecko) Chrome/57.0.2987.133 Safari/537.36"
[2017-04-23 19:07:00.631] [INFO] cheese - ::1 - - "GET /api/users? HTTP/1.1" 304 - "http://localhost:3000/admin" "Mozilla/5.0 (Macintosh; Intel Mac OS X 10_12_4) AppleWebKit/537.36 (KHTML, like Gecko) Chrome/57.0.2987.133 Safari/537.36"
[2017-04-23 19:07:51.791] [INFO] cheese - ::1 - - "GET /admin HTTP/1.1" 304 - "http://localhost:3000/" "Mozilla/5.0 (Macintosh; Intel Mac OS X 10_12_4) AppleWebKit/537.36 (KHTML, like Gecko) Chrome/57.0.2987.133 Safari/537.36"
[2017-04-23 19:07:51.818] [INFO] cheese - ::1 - - "GET /css/loader.css HTTP/1.1" 304 - "http://localhost:3000/admin" "Mozilla/5.0 (Macintosh; Intel Mac OS X 10_12_4) AppleWebKit/537.36 (KHTML, like Gecko) Chrome/57.0.2987.133 Safari/537.36"
[2017-04-23 19:07:51.820] [INFO] cheese - ::1 - - "GET /build/vendor.bundle.js HTTP/1.1" 304 - "http://localhost:3000/admin" "Mozilla/5.0 (Macintosh; Intel Mac OS X 10_12_4) AppleWebKit/537.36 (KHTML, like Gecko) Chrome/57.0.2987.133 Safari/537.36"
[2017-04-23 19:07:52.025] [INFO] cheese - ::1 - - "GET /build/admin.bundle.js HTTP/1.1" 200 2256266 "http://localhost:3000/admin" "Mozilla/5.0 (Macintosh; Intel Mac OS X 10_12_4) AppleWebKit/537.36 (KHTML, like Gecko) Chrome/57.0.2987.133 Safari/537.36"
[2017-04-23 19:07:52.308] [INFO] cheese - ::1 - - "GET /api/users? HTTP/1.1" 304 - "http://localhost:3000/admin" "Mozilla/5.0 (Macintosh; Intel Mac OS X 10_12_4) AppleWebKit/537.36 (KHTML, like Gecko) Chrome/57.0.2987.133 Safari/537.36"
[2017-04-23 19:11:32.284] [INFO] cheese - ::1 - - "GET /admin HTTP/1.1" 304 - "http://localhost:3000/" "Mozilla/5.0 (Macintosh; Intel Mac OS X 10_12_4) AppleWebKit/537.36 (KHTML, like Gecko) Chrome/57.0.2987.133 Safari/537.36"
[2017-04-23 19:11:32.304] [INFO] cheese - ::1 - - "GET /css/loader.css HTTP/1.1" 304 - "http://localhost:3000/admin" "Mozilla/5.0 (Macintosh; Intel Mac OS X 10_12_4) AppleWebKit/537.36 (KHTML, like Gecko) Chrome/57.0.2987.133 Safari/537.36"
[2017-04-23 19:11:32.307] [INFO] cheese - ::1 - - "GET /build/vendor.bundle.js HTTP/1.1" 304 - "http://localhost:3000/admin" "Mozilla/5.0 (Macintosh; Intel Mac OS X 10_12_4) AppleWebKit/537.36 (KHTML, like Gecko) Chrome/57.0.2987.133 Safari/537.36"
[2017-04-23 19:11:32.507] [INFO] cheese - ::1 - - "GET /build/admin.bundle.js HTTP/1.1" 200 2256018 "http://localhost:3000/admin" "Mozilla/5.0 (Macintosh; Intel Mac OS X 10_12_4) AppleWebKit/537.36 (KHTML, like Gecko) Chrome/57.0.2987.133 Safari/537.36"
[2017-04-23 19:11:32.778] [INFO] cheese - ::1 - - "GET /api/users? HTTP/1.1" 304 - "http://localhost:3000/admin" "Mozilla/5.0 (Macintosh; Intel Mac OS X 10_12_4) AppleWebKit/537.36 (KHTML, like Gecko) Chrome/57.0.2987.133 Safari/537.36"
[2017-04-23 19:12:15.287] [INFO] cheese - ::1 - - "GET /admin HTTP/1.1" 304 - "http://localhost:3000/" "Mozilla/5.0 (Macintosh; Intel Mac OS X 10_12_4) AppleWebKit/537.36 (KHTML, like Gecko) Chrome/57.0.2987.133 Safari/537.36"
[2017-04-23 19:12:15.309] [INFO] cheese - ::1 - - "GET /css/loader.css HTTP/1.1" 304 - "http://localhost:3000/admin" "Mozilla/5.0 (Macintosh; Intel Mac OS X 10_12_4) AppleWebKit/537.36 (KHTML, like Gecko) Chrome/57.0.2987.133 Safari/537.36"
[2017-04-23 19:12:15.310] [INFO] cheese - ::1 - - "GET /build/vendor.bundle.js HTTP/1.1" 304 - "http://localhost:3000/admin" "Mozilla/5.0 (Macintosh; Intel Mac OS X 10_12_4) AppleWebKit/537.36 (KHTML, like Gecko) Chrome/57.0.2987.133 Safari/537.36"
[2017-04-23 19:12:15.541] [INFO] cheese - ::1 - - "GET /build/admin.bundle.js HTTP/1.1" 200 2256048 "http://localhost:3000/admin" "Mozilla/5.0 (Macintosh; Intel Mac OS X 10_12_4) AppleWebKit/537.36 (KHTML, like Gecko) Chrome/57.0.2987.133 Safari/537.36"
[2017-04-23 19:12:15.808] [INFO] cheese - ::1 - - "GET /api/users? HTTP/1.1" 304 - "http://localhost:3000/admin" "Mozilla/5.0 (Macintosh; Intel Mac OS X 10_12_4) AppleWebKit/537.36 (KHTML, like Gecko) Chrome/57.0.2987.133 Safari/537.36"
[2017-04-23 19:13:57.828] [INFO] cheese - ::1 - - "POST /api/user/token? HTTP/1.1" 200 52 "http://localhost:3000/admin" "Mozilla/5.0 (Macintosh; Intel Mac OS X 10_12_4) AppleWebKit/537.36 (KHTML, like Gecko) Chrome/57.0.2987.133 Safari/537.36"
[2017-04-23 19:21:34.477] [INFO] cheese - ::1 - - "GET /admin HTTP/1.1" 304 - "http://localhost:3000/" "Mozilla/5.0 (Macintosh; Intel Mac OS X 10_12_4) AppleWebKit/537.36 (KHTML, like Gecko) Chrome/57.0.2987.133 Safari/537.36"
[2017-04-23 19:21:34.499] [INFO] cheese - ::1 - - "GET /css/loader.css HTTP/1.1" 304 - "http://localhost:3000/admin" "Mozilla/5.0 (Macintosh; Intel Mac OS X 10_12_4) AppleWebKit/537.36 (KHTML, like Gecko) Chrome/57.0.2987.133 Safari/537.36"
[2017-04-23 19:21:34.507] [INFO] cheese - ::1 - - "GET /build/vendor.bundle.js HTTP/1.1" 304 - "http://localhost:3000/admin" "Mozilla/5.0 (Macintosh; Intel Mac OS X 10_12_4) AppleWebKit/537.36 (KHTML, like Gecko) Chrome/57.0.2987.133 Safari/537.36"
[2017-04-23 19:21:34.724] [INFO] cheese - ::1 - - "GET /build/admin.bundle.js HTTP/1.1" 200 2256005 "http://localhost:3000/admin" "Mozilla/5.0 (Macintosh; Intel Mac OS X 10_12_4) AppleWebKit/537.36 (KHTML, like Gecko) Chrome/57.0.2987.133 Safari/537.36"
[2017-04-23 19:21:35.017] [INFO] cheese - ::1 - - "GET /api/users? HTTP/1.1" 304 - "http://localhost:3000/admin" "Mozilla/5.0 (Macintosh; Intel Mac OS X 10_12_4) AppleWebKit/537.36 (KHTML, like Gecko) Chrome/57.0.2987.133 Safari/537.36"
[2017-04-23 19:21:46.231] [INFO] cheese - ::1 - - "POST /api/user/token? HTTP/1.1" 200 52 "http://localhost:3000/admin" "Mozilla/5.0 (Macintosh; Intel Mac OS X 10_12_4) AppleWebKit/537.36 (KHTML, like Gecko) Chrome/57.0.2987.133 Safari/537.36"
[2017-04-23 19:21:50.983] [INFO] cheese - ::1 - - "POST /api/user/token? HTTP/1.1" 200 198 "http://localhost:3000/admin" "Mozilla/5.0 (Macintosh; Intel Mac OS X 10_12_4) AppleWebKit/537.36 (KHTML, like Gecko) Chrome/57.0.2987.133 Safari/537.36"
[2017-04-23 19:21:51.003] [INFO] cheese - ::1 - - "POST /api/user/info? HTTP/1.1" 200 198 "http://localhost:3000/admin" "Mozilla/5.0 (Macintosh; Intel Mac OS X 10_12_4) AppleWebKit/537.36 (KHTML, like Gecko) Chrome/57.0.2987.133 Safari/537.36"
[2017-04-23 19:21:51.021] [INFO] cheese - ::1 - - "POST /api/user/info? HTTP/1.1" 200 198 "http://localhost:3000/admin" "Mozilla/5.0 (Macintosh; Intel Mac OS X 10_12_4) AppleWebKit/537.36 (KHTML, like Gecko) Chrome/57.0.2987.133 Safari/537.36"
[2017-04-23 19:21:51.028] [INFO] cheese - ::1 - - "POST /api/members/uid? HTTP/1.1" 200 22 "http://localhost:3000/admin" "Mozilla/5.0 (Macintosh; Intel Mac OS X 10_12_4) AppleWebKit/537.36 (KHTML, like Gecko) Chrome/57.0.2987.133 Safari/537.36"
[2017-04-23 19:21:51.036] [INFO] cheese - ::1 - - "GET /img/home.png HTTP/1.1" 200 3704 "http://localhost:3000/admin" "Mozilla/5.0 (Macintosh; Intel Mac OS X 10_12_4) AppleWebKit/537.36 (KHTML, like Gecko) Chrome/57.0.2987.133 Safari/537.36"
[2017-04-23 19:21:51.036] [INFO] cheese - ::1 - - "GET /img/logo.png HTTP/1.1" 200 23773 "http://localhost:3000/admin" "Mozilla/5.0 (Macintosh; Intel Mac OS X 10_12_4) AppleWebKit/537.36 (KHTML, like Gecko) Chrome/57.0.2987.133 Safari/537.36"
[2017-04-23 19:22:45.529] [INFO] cheese - ::1 - - "GET /admin HTTP/1.1" 304 - "http://localhost:3000/" "Mozilla/5.0 (Macintosh; Intel Mac OS X 10_12_4) AppleWebKit/537.36 (KHTML, like Gecko) Chrome/57.0.2987.133 Safari/537.36"
[2017-04-23 19:22:45.553] [INFO] cheese - ::1 - - "GET /css/loader.css HTTP/1.1" 304 - "http://localhost:3000/admin" "Mozilla/5.0 (Macintosh; Intel Mac OS X 10_12_4) AppleWebKit/537.36 (KHTML, like Gecko) Chrome/57.0.2987.133 Safari/537.36"
[2017-04-23 19:22:45.556] [INFO] cheese - ::1 - - "GET /build/vendor.bundle.js HTTP/1.1" 304 - "http://localhost:3000/admin" "Mozilla/5.0 (Macintosh; Intel Mac OS X 10_12_4) AppleWebKit/537.36 (KHTML, like Gecko) Chrome/57.0.2987.133 Safari/537.36"
[2017-04-23 19:22:45.557] [INFO] cheese - ::1 - - "GET /build/admin.bundle.js HTTP/1.1" 304 - "http://localhost:3000/admin" "Mozilla/5.0 (Macintosh; Intel Mac OS X 10_12_4) AppleWebKit/537.36 (KHTML, like Gecko) Chrome/57.0.2987.133 Safari/537.36"
[2017-04-23 19:22:45.945] [INFO] cheese - ::1 - - "POST /api/user/info? HTTP/1.1" 200 201 "http://localhost:3000/admin" "Mozilla/5.0 (Macintosh; Intel Mac OS X 10_12_4) AppleWebKit/537.36 (KHTML, like Gecko) Chrome/57.0.2987.133 Safari/537.36"
[2017-04-23 19:22:46.093] [INFO] cheese - ::1 - - "POST /api/user/info? HTTP/1.1" 200 201 "http://localhost:3000/admin" "Mozilla/5.0 (Macintosh; Intel Mac OS X 10_12_4) AppleWebKit/537.36 (KHTML, like Gecko) Chrome/57.0.2987.133 Safari/537.36"
[2017-04-23 19:22:46.102] [INFO] cheese - ::1 - - "POST /api/members/uid? HTTP/1.1" 200 22 "http://localhost:3000/admin" "Mozilla/5.0 (Macintosh; Intel Mac OS X 10_12_4) AppleWebKit/537.36 (KHTML, like Gecko) Chrome/57.0.2987.133 Safari/537.36"
[2017-04-23 19:22:46.145] [INFO] cheese - ::1 - - "GET /img/logo.png HTTP/1.1" 304 - "http://localhost:3000/admin" "Mozilla/5.0 (Macintosh; Intel Mac OS X 10_12_4) AppleWebKit/537.36 (KHTML, like Gecko) Chrome/57.0.2987.133 Safari/537.36"
[2017-04-23 19:22:46.146] [INFO] cheese - ::1 - - "GET /img/home.png HTTP/1.1" 304 - "http://localhost:3000/admin" "Mozilla/5.0 (Macintosh; Intel Mac OS X 10_12_4) AppleWebKit/537.36 (KHTML, like Gecko) Chrome/57.0.2987.133 Safari/537.36"
[2017-04-23 19:23:26.533] [INFO] cheese - ::1 - - "GET /admin HTTP/1.1" 304 - "http://localhost:3000/" "Mozilla/5.0 (Macintosh; Intel Mac OS X 10_12_4) AppleWebKit/537.36 (KHTML, like Gecko) Chrome/57.0.2987.133 Safari/537.36"
[2017-04-23 19:23:26.554] [INFO] cheese - ::1 - - "GET /css/loader.css HTTP/1.1" 304 - "http://localhost:3000/admin" "Mozilla/5.0 (Macintosh; Intel Mac OS X 10_12_4) AppleWebKit/537.36 (KHTML, like Gecko) Chrome/57.0.2987.133 Safari/537.36"
[2017-04-23 19:23:26.557] [INFO] cheese - ::1 - - "GET /build/vendor.bundle.js HTTP/1.1" 304 - "http://localhost:3000/admin" "Mozilla/5.0 (Macintosh; Intel Mac OS X 10_12_4) AppleWebKit/537.36 (KHTML, like Gecko) Chrome/57.0.2987.133 Safari/537.36"
[2017-04-23 19:23:26.763] [INFO] cheese - ::1 - - "GET /build/admin.bundle.js HTTP/1.1" 200 2256005 "http://localhost:3000/admin" "Mozilla/5.0 (Macintosh; Intel Mac OS X 10_12_4) AppleWebKit/537.36 (KHTML, like Gecko) Chrome/57.0.2987.133 Safari/537.36"
[2017-04-23 19:23:27.024] [INFO] cheese - ::1 - - "POST /api/user/info? HTTP/1.1" 200 201 "http://localhost:3000/admin" "Mozilla/5.0 (Macintosh; Intel Mac OS X 10_12_4) AppleWebKit/537.36 (KHTML, like Gecko) Chrome/57.0.2987.133 Safari/537.36"
[2017-04-23 19:23:27.152] [INFO] cheese - ::1 - - "POST /api/user/info? HTTP/1.1" 200 201 "http://localhost:3000/admin" "Mozilla/5.0 (Macintosh; Intel Mac OS X 10_12_4) AppleWebKit/537.36 (KHTML, like Gecko) Chrome/57.0.2987.133 Safari/537.36"
[2017-04-23 19:23:27.158] [INFO] cheese - ::1 - - "POST /api/members/uid? HTTP/1.1" 200 22 "http://localhost:3000/admin" "Mozilla/5.0 (Macintosh; Intel Mac OS X 10_12_4) AppleWebKit/537.36 (KHTML, like Gecko) Chrome/57.0.2987.133 Safari/537.36"
[2017-04-23 19:23:27.163] [INFO] cheese - ::1 - - "GET /img/logo.png HTTP/1.1" 304 - "http://localhost:3000/admin" "Mozilla/5.0 (Macintosh; Intel Mac OS X 10_12_4) AppleWebKit/537.36 (KHTML, like Gecko) Chrome/57.0.2987.133 Safari/537.36"
[2017-04-23 19:23:27.164] [INFO] cheese - ::1 - - "GET /img/home.png HTTP/1.1" 304 - "http://localhost:3000/admin" "Mozilla/5.0 (Macintosh; Intel Mac OS X 10_12_4) AppleWebKit/537.36 (KHTML, like Gecko) Chrome/57.0.2987.133 Safari/537.36"
[2017-04-23 19:25:32.549] [INFO] cheese - ::1 - - "GET / HTTP/1.1" 304 - "" "Mozilla/5.0 (Macintosh; Intel Mac OS X 10_12_4) AppleWebKit/537.36 (KHTML, like Gecko) Chrome/57.0.2987.133 Safari/537.36"
[2017-04-23 19:25:32.561] [INFO] cheese - ::1 - - "GET /stylesheets/style.css HTTP/1.1" 404 1126 "http://localhost:3000/" "Mozilla/5.0 (Macintosh; Intel Mac OS X 10_12_4) AppleWebKit/537.36 (KHTML, like Gecko) Chrome/57.0.2987.133 Safari/537.36"
[2017-04-23 19:25:34.741] [INFO] cheese - ::1 - - "GET /api/members HTTP/1.1" 200 34 "" "Mozilla/5.0 (Macintosh; Intel Mac OS X 10_12_4) AppleWebKit/537.36 (KHTML, like Gecko) Chrome/57.0.2987.133 Safari/537.36"
[2017-04-23 19:25:57.661] [INFO] cheese - ::1 - - "GET /api/members/2 HTTP/1.1" 404 1126 "" "Mozilla/5.0 (Macintosh; Intel Mac OS X 10_12_4) AppleWebKit/537.36 (KHTML, like Gecko) Chrome/57.0.2987.133 Safari/537.36"
[2017-04-23 19:26:05.979] [INFO] cheese - ::1 - - "GET /api/members/5 HTTP/1.1" 404 1126 "" "Mozilla/5.0 (Macintosh; Intel Mac OS X 10_12_4) AppleWebKit/537.36 (KHTML, like Gecko) Chrome/57.0.2987.133 Safari/537.36"
[2017-04-23 19:26:08.024] [INFO] cheese - ::1 - - "GET /api/members/5 HTTP/1.1" 404 1126 "" "Mozilla/5.0 (Macintosh; Intel Mac OS X 10_12_4) AppleWebKit/537.36 (KHTML, like Gecko) Chrome/57.0.2987.133 Safari/537.36"
[2017-04-23 19:26:18.670] [INFO] cheese - ::1 - - "GET /css/loader.css HTTP/1.1" 304 - "http://localhost:3000/admin" "Mozilla/5.0 (Macintosh; Intel Mac OS X 10_12_4) AppleWebKit/537.36 (KHTML, like Gecko) Chrome/57.0.2987.133 Safari/537.36"
[2017-04-23 19:31:14.065] [INFO] cheese - ::1 - - "GET /admin HTTP/1.1" 200 710 "http://localhost:3000/" "Mozilla/5.0 (Macintosh; Intel Mac OS X 10_12_4) AppleWebKit/537.36 (KHTML, like Gecko) Chrome/57.0.2987.133 Safari/537.36"
[2017-04-23 19:31:14.097] [INFO] cheese - ::1 - - "GET /css/loader.css HTTP/1.1" 200 4037 "http://localhost:3000/admin" "Mozilla/5.0 (Macintosh; Intel Mac OS X 10_12_4) AppleWebKit/537.36 (KHTML, like Gecko) Chrome/57.0.2987.133 Safari/537.36"
[2017-04-23 19:31:14.121] [INFO] cheese - ::1 - - "GET /build/vendor.bundle.js HTTP/1.1" 200 714543 "http://localhost:3000/admin" "Mozilla/5.0 (Macintosh; Intel Mac OS X 10_12_4) AppleWebKit/537.36 (KHTML, like Gecko) Chrome/57.0.2987.133 Safari/537.36"
[2017-04-23 19:31:14.368] [INFO] cheese - ::1 - - "GET /build/admin.bundle.js HTTP/1.1" 200 2256043 "http://localhost:3000/admin" "Mozilla/5.0 (Macintosh; Intel Mac OS X 10_12_4) AppleWebKit/537.36 (KHTML, like Gecko) Chrome/57.0.2987.133 Safari/537.36"
[2017-04-23 19:31:14.697] [INFO] cheese - ::1 - - "POST /api/user/info? HTTP/1.1" 200 201 "http://localhost:3000/admin" "Mozilla/5.0 (Macintosh; Intel Mac OS X 10_12_4) AppleWebKit/537.36 (KHTML, like Gecko) Chrome/57.0.2987.133 Safari/537.36"
[2017-04-23 19:31:14.898] [INFO] cheese - ::1 - - "POST /api/user/info? HTTP/1.1" 200 201 "http://localhost:3000/admin" "Mozilla/5.0 (Macintosh; Intel Mac OS X 10_12_4) AppleWebKit/537.36 (KHTML, like Gecko) Chrome/57.0.2987.133 Safari/537.36"
[2017-04-23 19:31:14.915] [INFO] cheese - ::1 - - "GET /img/logo.png HTTP/1.1" 200 23773 "http://localhost:3000/admin" "Mozilla/5.0 (Macintosh; Intel Mac OS X 10_12_4) AppleWebKit/537.36 (KHTML, like Gecko) Chrome/57.0.2987.133 Safari/537.36"
[2017-04-23 19:31:14.917] [INFO] cheese - ::1 - - "GET /img/home.png HTTP/1.1" 200 3704 "http://localhost:3000/admin" "Mozilla/5.0 (Macintosh; Intel Mac OS X 10_12_4) AppleWebKit/537.36 (KHTML, like Gecko) Chrome/57.0.2987.133 Safari/537.36"
[2017-04-23 19:32:01.155] [INFO] cheese - ::1 - - "GET /admin HTTP/1.1" 200 710 "http://localhost:3000/" "Mozilla/5.0 (Macintosh; Intel Mac OS X 10_12_4) AppleWebKit/537.36 (KHTML, like Gecko) Chrome/57.0.2987.133 Safari/537.36"
[2017-04-23 19:32:01.182] [INFO] cheese - ::1 - - "GET /css/loader.css HTTP/1.1" 200 4037 "http://localhost:3000/admin" "Mozilla/5.0 (Macintosh; Intel Mac OS X 10_12_4) AppleWebKit/537.36 (KHTML, like Gecko) Chrome/57.0.2987.133 Safari/537.36"
[2017-04-23 19:32:01.190] [INFO] cheese - ::1 - - "GET /build/vendor.bundle.js HTTP/1.1" 200 714543 "http://localhost:3000/admin" "Mozilla/5.0 (Macintosh; Intel Mac OS X 10_12_4) AppleWebKit/537.36 (KHTML, like Gecko) Chrome/57.0.2987.133 Safari/537.36"
[2017-04-23 19:32:01.393] [INFO] cheese - ::1 - - "GET /build/admin.bundle.js HTTP/1.1" 200 2256011 "http://localhost:3000/admin" "Mozilla/5.0 (Macintosh; Intel Mac OS X 10_12_4) AppleWebKit/537.36 (KHTML, like Gecko) Chrome/57.0.2987.133 Safari/537.36"
[2017-04-23 19:32:01.774] [INFO] cheese - ::1 - - "POST /api/user/info? HTTP/1.1" 200 201 "http://localhost:3000/admin" "Mozilla/5.0 (Macintosh; Intel Mac OS X 10_12_4) AppleWebKit/537.36 (KHTML, like Gecko) Chrome/57.0.2987.133 Safari/537.36"
[2017-04-23 19:32:01.966] [INFO] cheese - ::1 - - "POST /api/user/info? HTTP/1.1" 200 201 "http://localhost:3000/admin" "Mozilla/5.0 (Macintosh; Intel Mac OS X 10_12_4) AppleWebKit/537.36 (KHTML, like Gecko) Chrome/57.0.2987.133 Safari/537.36"
[2017-04-23 19:32:01.981] [INFO] cheese - ::1 - - "GET /api/members? HTTP/1.1" 200 34 "http://localhost:3000/admin" "Mozilla/5.0 (Macintosh; Intel Mac OS X 10_12_4) AppleWebKit/537.36 (KHTML, like Gecko) Chrome/57.0.2987.133 Safari/537.36"
[2017-04-23 19:32:01.986] [INFO] cheese - ::1 - - "GET /img/logo.png HTTP/1.1" 200 23773 "http://localhost:3000/admin" "Mozilla/5.0 (Macintosh; Intel Mac OS X 10_12_4) AppleWebKit/537.36 (KHTML, like Gecko) Chrome/57.0.2987.133 Safari/537.36"
[2017-04-23 19:32:01.990] [INFO] cheese - ::1 - - "GET /img/home.png HTTP/1.1" 200 3704 "http://localhost:3000/admin" "Mozilla/5.0 (Macintosh; Intel Mac OS X 10_12_4) AppleWebKit/537.36 (KHTML, like Gecko) Chrome/57.0.2987.133 Safari/537.36"
[2017-04-23 19:32:03.317] [INFO] cheese - ::1 - - "GET /admin HTTP/1.1" 200 710 "http://localhost:3000/" "Mozilla/5.0 (Macintosh; Intel Mac OS X 10_12_4) AppleWebKit/537.36 (KHTML, like Gecko) Chrome/57.0.2987.133 Safari/537.36"
[2017-04-23 19:32:03.339] [INFO] cheese - ::1 - - "GET /css/loader.css HTTP/1.1" 200 4037 "http://localhost:3000/admin" "Mozilla/5.0 (Macintosh; Intel Mac OS X 10_12_4) AppleWebKit/537.36 (KHTML, like Gecko) Chrome/57.0.2987.133 Safari/537.36"
[2017-04-23 19:32:03.359] [INFO] cheese - ::1 - - "GET /build/vendor.bundle.js HTTP/1.1" 200 714543 "http://localhost:3000/admin" "Mozilla/5.0 (Macintosh; Intel Mac OS X 10_12_4) AppleWebKit/537.36 (KHTML, like Gecko) Chrome/57.0.2987.133 Safari/537.36"
[2017-04-23 19:32:03.562] [INFO] cheese - ::1 - - "GET /build/admin.bundle.js HTTP/1.1" 200 2256011 "http://localhost:3000/admin" "Mozilla/5.0 (Macintosh; Intel Mac OS X 10_12_4) AppleWebKit/537.36 (KHTML, like Gecko) Chrome/57.0.2987.133 Safari/537.36"
[2017-04-23 19:32:03.917] [INFO] cheese - ::1 - - "POST /api/user/info? HTTP/1.1" 200 201 "http://localhost:3000/admin" "Mozilla/5.0 (Macintosh; Intel Mac OS X 10_12_4) AppleWebKit/537.36 (KHTML, like Gecko) Chrome/57.0.2987.133 Safari/537.36"
[2017-04-23 19:32:04.094] [INFO] cheese - ::1 - - "POST /api/user/info? HTTP/1.1" 200 201 "http://localhost:3000/admin" "Mozilla/5.0 (Macintosh; Intel Mac OS X 10_12_4) AppleWebKit/537.36 (KHTML, like Gecko) Chrome/57.0.2987.133 Safari/537.36"
[2017-04-23 19:32:04.104] [INFO] cheese - ::1 - - "GET /api/members? HTTP/1.1" 200 34 "http://localhost:3000/admin" "Mozilla/5.0 (Macintosh; Intel Mac OS X 10_12_4) AppleWebKit/537.36 (KHTML, like Gecko) Chrome/57.0.2987.133 Safari/537.36"
[2017-04-23 19:32:04.111] [INFO] cheese - ::1 - - "GET /img/logo.png HTTP/1.1" 200 23773 "http://localhost:3000/admin" "Mozilla/5.0 (Macintosh; Intel Mac OS X 10_12_4) AppleWebKit/537.36 (KHTML, like Gecko) Chrome/57.0.2987.133 Safari/537.36"
[2017-04-23 19:32:04.112] [INFO] cheese - ::1 - - "GET /img/home.png HTTP/1.1" 200 3704 "http://localhost:3000/admin" "Mozilla/5.0 (Macintosh; Intel Mac OS X 10_12_4) AppleWebKit/537.36 (KHTML, like Gecko) Chrome/57.0.2987.133 Safari/537.36"
[2017-04-23 19:36:24.744] [INFO] cheese - ::1 - - "GET /admin HTTP/1.1" 200 710 "http://localhost:3000/" "Mozilla/5.0 (Macintosh; Intel Mac OS X 10_12_4) AppleWebKit/537.36 (KHTML, like Gecko) Chrome/57.0.2987.133 Safari/537.36"
[2017-04-23 19:36:24.787] [INFO] cheese - ::1 - - "GET /css/loader.css HTTP/1.1" 200 4037 "http://localhost:3000/admin" "Mozilla/5.0 (Macintosh; Intel Mac OS X 10_12_4) AppleWebKit/537.36 (KHTML, like Gecko) Chrome/57.0.2987.133 Safari/537.36"
[2017-04-23 19:36:24.815] [INFO] cheese - ::1 - - "GET /build/vendor.bundle.js HTTP/1.1" 200 714543 "http://localhost:3000/admin" "Mozilla/5.0 (Macintosh; Intel Mac OS X 10_12_4) AppleWebKit/537.36 (KHTML, like Gecko) Chrome/57.0.2987.133 Safari/537.36"
[2017-04-23 19:36:25.072] [INFO] cheese - ::1 - - "GET /build/admin.bundle.js HTTP/1.1" 200 2256011 "http://localhost:3000/admin" "Mozilla/5.0 (Macintosh; Intel Mac OS X 10_12_4) AppleWebKit/537.36 (KHTML, like Gecko) Chrome/57.0.2987.133 Safari/537.36"
[2017-04-23 19:36:25.480] [INFO] cheese - ::1 - - "POST /api/user/info? HTTP/1.1" 200 201 "http://localhost:3000/admin" "Mozilla/5.0 (Macintosh; Intel Mac OS X 10_12_4) AppleWebKit/537.36 (KHTML, like Gecko) Chrome/57.0.2987.133 Safari/537.36"
[2017-04-23 19:36:25.610] [INFO] cheese - ::1 - - "POST /api/user/info? HTTP/1.1" 200 201 "http://localhost:3000/admin" "Mozilla/5.0 (Macintosh; Intel Mac OS X 10_12_4) AppleWebKit/537.36 (KHTML, like Gecko) Chrome/57.0.2987.133 Safari/537.36"
[2017-04-23 19:36:25.626] [INFO] cheese - ::1 - - "GET /img/logo.png HTTP/1.1" 200 23773 "http://localhost:3000/admin" "Mozilla/5.0 (Macintosh; Intel Mac OS X 10_12_4) AppleWebKit/537.36 (KHTML, like Gecko) Chrome/57.0.2987.133 Safari/537.36"
[2017-04-23 19:36:25.630] [INFO] cheese - ::1 - - "GET /img/home.png HTTP/1.1" 200 3704 "http://localhost:3000/admin" "Mozilla/5.0 (Macintosh; Intel Mac OS X 10_12_4) AppleWebKit/537.36 (KHTML, like Gecko) Chrome/57.0.2987.133 Safari/537.36"
[2017-04-23 19:36:25.634] [INFO] cheese - ::1 - - "GET /api/members? HTTP/1.1" 200 22 "http://localhost:3000/admin" "Mozilla/5.0 (Macintosh; Intel Mac OS X 10_12_4) AppleWebKit/537.36 (KHTML, like Gecko) Chrome/57.0.2987.133 Safari/537.36"
[2017-04-23 19:36:39.742] [INFO] cheese - ::1 - - "GET /admin HTTP/1.1" 200 710 "http://localhost:3000/" "Mozilla/5.0 (Macintosh; Intel Mac OS X 10_12_4) AppleWebKit/537.36 (KHTML, like Gecko) Chrome/57.0.2987.133 Safari/537.36"
[2017-04-23 19:36:39.771] [INFO] cheese - ::1 - - "GET /css/loader.css HTTP/1.1" 200 4037 "http://localhost:3000/admin" "Mozilla/5.0 (Macintosh; Intel Mac OS X 10_12_4) AppleWebKit/537.36 (KHTML, like Gecko) Chrome/57.0.2987.133 Safari/537.36"
[2017-04-23 19:36:39.780] [INFO] cheese - ::1 - - "GET /build/vendor.bundle.js HTTP/1.1" 200 714543 "http://localhost:3000/admin" "Mozilla/5.0 (Macintosh; Intel Mac OS X 10_12_4) AppleWebKit/537.36 (KHTML, like Gecko) Chrome/57.0.2987.133 Safari/537.36"
[2017-04-23 19:36:40.010] [INFO] cheese - ::1 - - "GET /build/admin.bundle.js HTTP/1.1" 200 2256011 "http://localhost:3000/admin" "Mozilla/5.0 (Macintosh; Intel Mac OS X 10_12_4) AppleWebKit/537.36 (KHTML, like Gecko) Chrome/57.0.2987.133 Safari/537.36"
[2017-04-23 19:36:40.387] [INFO] cheese - ::1 - - "POST /api/user/info? HTTP/1.1" 200 201 "http://localhost:3000/admin" "Mozilla/5.0 (Macintosh; Intel Mac OS X 10_12_4) AppleWebKit/537.36 (KHTML, like Gecko) Chrome/57.0.2987.133 Safari/537.36"
[2017-04-23 19:36:40.556] [INFO] cheese - ::1 - - "POST /api/user/info? HTTP/1.1" 200 201 "http://localhost:3000/admin" "Mozilla/5.0 (Macintosh; Intel Mac OS X 10_12_4) AppleWebKit/537.36 (KHTML, like Gecko) Chrome/57.0.2987.133 Safari/537.36"
[2017-04-23 19:36:40.571] [INFO] cheese - ::1 - - "GET /api/members? HTTP/1.1" 200 22 "http://localhost:3000/admin" "Mozilla/5.0 (Macintosh; Intel Mac OS X 10_12_4) AppleWebKit/537.36 (KHTML, like Gecko) Chrome/57.0.2987.133 Safari/537.36"
[2017-04-23 19:36:40.582] [INFO] cheese - ::1 - - "GET /img/logo.png HTTP/1.1" 200 23773 "http://localhost:3000/admin" "Mozilla/5.0 (Macintosh; Intel Mac OS X 10_12_4) AppleWebKit/537.36 (KHTML, like Gecko) Chrome/57.0.2987.133 Safari/537.36"
[2017-04-23 19:36:40.585] [INFO] cheese - ::1 - - "GET /img/home.png HTTP/1.1" 200 3704 "http://localhost:3000/admin" "Mozilla/5.0 (Macintosh; Intel Mac OS X 10_12_4) AppleWebKit/537.36 (KHTML, like Gecko) Chrome/57.0.2987.133 Safari/537.36"
[2017-04-23 19:36:48.699] [INFO] cheese - ::1 - - "POST /api/user/info? HTTP/1.1" 200 201 "http://localhost:3000/admin" "Mozilla/5.0 (Macintosh; Intel Mac OS X 10_12_4) AppleWebKit/537.36 (KHTML, like Gecko) Chrome/57.0.2987.133 Safari/537.36"
[2017-04-23 19:36:48.707] [INFO] cheese - ::1 - - "GET /api/members? HTTP/1.1" 304 - "http://localhost:3000/admin" "Mozilla/5.0 (Macintosh; Intel Mac OS X 10_12_4) AppleWebKit/537.36 (KHTML, like Gecko) Chrome/57.0.2987.133 Safari/537.36"
[2017-04-23 19:36:48.719] [INFO] cheese - ::1 - - "POST /api/user/info? HTTP/1.1" 200 201 "http://localhost:3000/admin" "Mozilla/5.0 (Macintosh; Intel Mac OS X 10_12_4) AppleWebKit/537.36 (KHTML, like Gecko) Chrome/57.0.2987.133 Safari/537.36"
[2017-04-23 19:36:50.690] [INFO] cheese - ::1 - - "GET /admin HTTP/1.1" 304 - "" "Mozilla/5.0 (Macintosh; Intel Mac OS X 10_12_4) AppleWebKit/537.36 (KHTML, like Gecko) Chrome/57.0.2987.133 Safari/537.36"
[2017-04-23 19:36:50.712] [INFO] cheese - ::1 - - "GET /css/loader.css HTTP/1.1" 304 - "http://localhost:3000/admin" "Mozilla/5.0 (Macintosh; Intel Mac OS X 10_12_4) AppleWebKit/537.36 (KHTML, like Gecko) Chrome/57.0.2987.133 Safari/537.36"
[2017-04-23 19:36:50.720] [INFO] cheese - ::1 - - "GET /build/vendor.bundle.js HTTP/1.1" 304 - "http://localhost:3000/admin" "Mozilla/5.0 (Macintosh; Intel Mac OS X 10_12_4) AppleWebKit/537.36 (KHTML, like Gecko) Chrome/57.0.2987.133 Safari/537.36"
[2017-04-23 19:36:50.720] [INFO] cheese - ::1 - - "GET /build/admin.bundle.js HTTP/1.1" 304 - "http://localhost:3000/admin" "Mozilla/5.0 (Macintosh; Intel Mac OS X 10_12_4) AppleWebKit/537.36 (KHTML, like Gecko) Chrome/57.0.2987.133 Safari/537.36"
[2017-04-23 19:36:51.162] [INFO] cheese - ::1 - - "POST /api/user/info? HTTP/1.1" 200 201 "http://localhost:3000/admin" "Mozilla/5.0 (Macintosh; Intel Mac OS X 10_12_4) AppleWebKit/537.36 (KHTML, like Gecko) Chrome/57.0.2987.133 Safari/537.36"
[2017-04-23 19:36:51.312] [INFO] cheese - ::1 - - "POST /api/user/info? HTTP/1.1" 200 201 "http://localhost:3000/admin" "Mozilla/5.0 (Macintosh; Intel Mac OS X 10_12_4) AppleWebKit/537.36 (KHTML, like Gecko) Chrome/57.0.2987.133 Safari/537.36"
[2017-04-23 19:36:51.323] [INFO] cheese - ::1 - - "GET /api/members? HTTP/1.1" 304 - "http://localhost:3000/admin" "Mozilla/5.0 (Macintosh; Intel Mac OS X 10_12_4) AppleWebKit/537.36 (KHTML, like Gecko) Chrome/57.0.2987.133 Safari/537.36"
[2017-04-23 19:36:51.385] [INFO] cheese - ::1 - - "GET /img/logo.png HTTP/1.1" 304 - "http://localhost:3000/admin" "Mozilla/5.0 (Macintosh; Intel Mac OS X 10_12_4) AppleWebKit/537.36 (KHTML, like Gecko) Chrome/57.0.2987.133 Safari/537.36"
[2017-04-23 19:36:51.386] [INFO] cheese - ::1 - - "GET /img/home.png HTTP/1.1" 304 - "http://localhost:3000/admin" "Mozilla/5.0 (Macintosh; Intel Mac OS X 10_12_4) AppleWebKit/537.36 (KHTML, like Gecko) Chrome/57.0.2987.133 Safari/537.36"
[2017-04-23 19:36:52.234] [INFO] cheese - ::1 - - "GET /admin HTTP/1.1" 304 - "" "Mozilla/5.0 (Macintosh; Intel Mac OS X 10_12_4) AppleWebKit/537.36 (KHTML, like Gecko) Chrome/57.0.2987.133 Safari/537.36"
[2017-04-23 19:36:52.253] [INFO] cheese - ::1 - - "GET /css/loader.css HTTP/1.1" 304 - "http://localhost:3000/admin" "Mozilla/5.0 (Macintosh; Intel Mac OS X 10_12_4) AppleWebKit/537.36 (KHTML, like Gecko) Chrome/57.0.2987.133 Safari/537.36"
[2017-04-23 19:36:52.255] [INFO] cheese - ::1 - - "GET /build/vendor.bundle.js HTTP/1.1" 304 - "http://localhost:3000/admin" "Mozilla/5.0 (Macintosh; Intel Mac OS X 10_12_4) AppleWebKit/537.36 (KHTML, like Gecko) Chrome/57.0.2987.133 Safari/537.36"
[2017-04-23 19:36:52.257] [INFO] cheese - ::1 - - "GET /build/admin.bundle.js HTTP/1.1" 304 - "http://localhost:3000/admin" "Mozilla/5.0 (Macintosh; Intel Mac OS X 10_12_4) AppleWebKit/537.36 (KHTML, like Gecko) Chrome/57.0.2987.133 Safari/537.36"
[2017-04-23 19:36:52.616] [INFO] cheese - ::1 - - "POST /api/user/info? HTTP/1.1" 200 201 "http://localhost:3000/admin" "Mozilla/5.0 (Macintosh; Intel Mac OS X 10_12_4) AppleWebKit/537.36 (KHTML, like Gecko) Chrome/57.0.2987.133 Safari/537.36"
[2017-04-23 19:36:52.764] [INFO] cheese - ::1 - - "POST /api/user/info? HTTP/1.1" 200 201 "http://localhost:3000/admin" "Mozilla/5.0 (Macintosh; Intel Mac OS X 10_12_4) AppleWebKit/537.36 (KHTML, like Gecko) Chrome/57.0.2987.133 Safari/537.36"
[2017-04-23 19:36:52.774] [INFO] cheese - ::1 - - "GET /api/members? HTTP/1.1" 304 - "http://localhost:3000/admin" "Mozilla/5.0 (Macintosh; Intel Mac OS X 10_12_4) AppleWebKit/537.36 (KHTML, like Gecko) Chrome/57.0.2987.133 Safari/537.36"
[2017-04-23 19:36:52.828] [INFO] cheese - ::1 - - "GET /img/logo.png HTTP/1.1" 304 - "http://localhost:3000/admin" "Mozilla/5.0 (Macintosh; Intel Mac OS X 10_12_4) AppleWebKit/537.36 (KHTML, like Gecko) Chrome/57.0.2987.133 Safari/537.36"
[2017-04-23 19:36:52.829] [INFO] cheese - ::1 - - "GET /img/home.png HTTP/1.1" 304 - "http://localhost:3000/admin" "Mozilla/5.0 (Macintosh; Intel Mac OS X 10_12_4) AppleWebKit/537.36 (KHTML, like Gecko) Chrome/57.0.2987.133 Safari/537.36"
[2017-04-23 19:36:54.365] [INFO] cheese - ::1 - - "GET /css/loader.css HTTP/1.1" 304 - "http://localhost:3000/admin" "Mozilla/5.0 (Macintosh; Intel Mac OS X 10_12_4) AppleWebKit/537.36 (KHTML, like Gecko) Chrome/57.0.2987.133 Safari/537.36"
[2017-04-23 19:37:21.262] [INFO] cheese - ::1 - - "GET /admin HTTP/1.1" 200 710 "" "Mozilla/5.0 (Macintosh; Intel Mac OS X 10_12_4) AppleWebKit/537.36 (KHTML, like Gecko) Chrome/57.0.2987.133 Safari/537.36"
[2017-04-23 19:37:21.291] [INFO] cheese - ::1 - - "GET /css/loader.css HTTP/1.1" 200 4037 "http://localhost:3000/admin" "Mozilla/5.0 (Macintosh; Intel Mac OS X 10_12_4) AppleWebKit/537.36 (KHTML, like Gecko) Chrome/57.0.2987.133 Safari/537.36"
[2017-04-23 19:37:21.316] [INFO] cheese - ::1 - - "GET /build/vendor.bundle.js HTTP/1.1" 200 714543 "http://localhost:3000/admin" "Mozilla/5.0 (Macintosh; Intel Mac OS X 10_12_4) AppleWebKit/537.36 (KHTML, like Gecko) Chrome/57.0.2987.133 Safari/537.36"
[2017-04-23 19:37:21.509] [INFO] cheese - ::1 - - "GET /build/admin.bundle.js HTTP/1.1" 200 2256011 "http://localhost:3000/admin" "Mozilla/5.0 (Macintosh; Intel Mac OS X 10_12_4) AppleWebKit/537.36 (KHTML, like Gecko) Chrome/57.0.2987.133 Safari/537.36"
[2017-04-23 19:37:21.892] [INFO] cheese - ::1 - - "GET /api/users? HTTP/1.1" 200 823 "http://localhost:3000/admin" "Mozilla/5.0 (Macintosh; Intel Mac OS X 10_12_4) AppleWebKit/537.36 (KHTML, like Gecko) Chrome/57.0.2987.133 Safari/537.36"
[2017-04-23 19:37:34.779] [INFO] cheese - ::1 - - "POST /api/user/token? HTTP/1.1" 200 201 "http://localhost:3000/admin" "Mozilla/5.0 (Macintosh; Intel Mac OS X 10_12_4) AppleWebKit/537.36 (KHTML, like Gecko) Chrome/57.0.2987.133 Safari/537.36"
[2017-04-23 19:37:34.796] [INFO] cheese - ::1 - - "POST /api/user/info? HTTP/1.1" 200 201 "http://localhost:3000/admin" "Mozilla/5.0 (Macintosh; Intel Mac OS X 10_12_4) AppleWebKit/537.36 (KHTML, like Gecko) Chrome/57.0.2987.133 Safari/537.36"
[2017-04-23 19:37:34.810] [INFO] cheese - ::1 - - "GET /api/members? HTTP/1.1" 200 22 "http://localhost:3000/admin" "Mozilla/5.0 (Macintosh; Intel Mac OS X 10_12_4) AppleWebKit/537.36 (KHTML, like Gecko) Chrome/57.0.2987.133 Safari/537.36"
[2017-04-23 19:37:34.815] [INFO] cheese - ::1 - - "POST /api/user/info? HTTP/1.1" 200 201 "http://localhost:3000/admin" "Mozilla/5.0 (Macintosh; Intel Mac OS X 10_12_4) AppleWebKit/537.36 (KHTML, like Gecko) Chrome/57.0.2987.133 Safari/537.36"
[2017-04-23 19:37:34.823] [INFO] cheese - ::1 - - "GET /img/logo.png HTTP/1.1" 200 23773 "http://localhost:3000/admin" "Mozilla/5.0 (Macintosh; Intel Mac OS X 10_12_4) AppleWebKit/537.36 (KHTML, like Gecko) Chrome/57.0.2987.133 Safari/537.36"
[2017-04-23 19:37:34.828] [INFO] cheese - ::1 - - "GET /img/home.png HTTP/1.1" 200 3704 "http://localhost:3000/admin" "Mozilla/5.0 (Macintosh; Intel Mac OS X 10_12_4) AppleWebKit/537.36 (KHTML, like Gecko) Chrome/57.0.2987.133 Safari/537.36"
[2017-04-23 19:39:40.175] [INFO] cheese - ::1 - - "GET /admin HTTP/1.1" 200 710 "" "Mozilla/5.0 (Macintosh; Intel Mac OS X 10_12_4) AppleWebKit/537.36 (KHTML, like Gecko) Chrome/57.0.2987.133 Safari/537.36"
[2017-04-23 19:39:40.212] [INFO] cheese - ::1 - - "GET /css/loader.css HTTP/1.1" 200 4037 "http://localhost:3000/admin" "Mozilla/5.0 (Macintosh; Intel Mac OS X 10_12_4) AppleWebKit/537.36 (KHTML, like Gecko) Chrome/57.0.2987.133 Safari/537.36"
[2017-04-23 19:39:40.241] [INFO] cheese - ::1 - - "GET /build/vendor.bundle.js HTTP/1.1" 200 714543 "http://localhost:3000/admin" "Mozilla/5.0 (Macintosh; Intel Mac OS X 10_12_4) AppleWebKit/537.36 (KHTML, like Gecko) Chrome/57.0.2987.133 Safari/537.36"
[2017-04-23 19:39:40.478] [INFO] cheese - ::1 - - "GET /build/admin.bundle.js HTTP/1.1" 200 2255979 "http://localhost:3000/admin" "Mozilla/5.0 (Macintosh; Intel Mac OS X 10_12_4) AppleWebKit/537.36 (KHTML, like Gecko) Chrome/57.0.2987.133 Safari/537.36"
[2017-04-23 19:39:40.880] [INFO] cheese - ::1 - - "POST /api/user/info? HTTP/1.1" 200 201 "http://localhost:3000/admin" "Mozilla/5.0 (Macintosh; Intel Mac OS X 10_12_4) AppleWebKit/537.36 (KHTML, like Gecko) Chrome/57.0.2987.133 Safari/537.36"
[2017-04-23 19:39:41.061] [INFO] cheese - ::1 - - "POST /api/user/info? HTTP/1.1" 200 201 "http://localhost:3000/admin" "Mozilla/5.0 (Macintosh; Intel Mac OS X 10_12_4) AppleWebKit/537.36 (KHTML, like Gecko) Chrome/57.0.2987.133 Safari/537.36"
[2017-04-23 19:39:41.073] [INFO] cheese - ::1 - - "GET /api/members? HTTP/1.1" 200 22 "http://localhost:3000/admin" "Mozilla/5.0 (Macintosh; Intel Mac OS X 10_12_4) AppleWebKit/537.36 (KHTML, like Gecko) Chrome/57.0.2987.133 Safari/537.36"
[2017-04-23 19:39:41.079] [INFO] cheese - ::1 - - "GET /img/logo.png HTTP/1.1" 200 23773 "http://localhost:3000/admin" "Mozilla/5.0 (Macintosh; Intel Mac OS X 10_12_4) AppleWebKit/537.36 (KHTML, like Gecko) Chrome/57.0.2987.133 Safari/537.36"
[2017-04-23 19:39:41.083] [INFO] cheese - ::1 - - "GET /img/home.png HTTP/1.1" 200 3704 "http://localhost:3000/admin" "Mozilla/5.0 (Macintosh; Intel Mac OS X 10_12_4) AppleWebKit/537.36 (KHTML, like Gecko) Chrome/57.0.2987.133 Safari/537.36"
[2017-04-23 20:18:32.639] [INFO] cheese - ::1 - - "GET /admin HTTP/1.1" 200 710 "" "Mozilla/5.0 (Macintosh; Intel Mac OS X 10_12_4) AppleWebKit/537.36 (KHTML, like Gecko) Chrome/57.0.2987.133 Safari/537.36"
[2017-04-23 20:18:32.685] [INFO] cheese - ::1 - - "GET /css/loader.css HTTP/1.1" 200 4037 "http://localhost:3000/admin" "Mozilla/5.0 (Macintosh; Intel Mac OS X 10_12_4) AppleWebKit/537.36 (KHTML, like Gecko) Chrome/57.0.2987.133 Safari/537.36"
[2017-04-23 20:18:32.702] [INFO] cheese - ::1 - - "GET /build/vendor.bundle.js HTTP/1.1" 200 714543 "http://localhost:3000/admin" "Mozilla/5.0 (Macintosh; Intel Mac OS X 10_12_4) AppleWebKit/537.36 (KHTML, like Gecko) Chrome/57.0.2987.133 Safari/537.36"
[2017-04-23 20:18:32.915] [INFO] cheese - ::1 - - "GET /build/admin.bundle.js HTTP/1.1" 200 2255979 "http://localhost:3000/admin" "Mozilla/5.0 (Macintosh; Intel Mac OS X 10_12_4) AppleWebKit/537.36 (KHTML, like Gecko) Chrome/57.0.2987.133 Safari/537.36"
[2017-04-23 20:18:33.323] [INFO] cheese - ::1 - - "POST /api/user/info? HTTP/1.1" 200 201 "http://localhost:3000/admin" "Mozilla/5.0 (Macintosh; Intel Mac OS X 10_12_4) AppleWebKit/537.36 (KHTML, like Gecko) Chrome/57.0.2987.133 Safari/537.36"
[2017-04-23 20:18:33.475] [INFO] cheese - ::1 - - "POST /api/user/info? HTTP/1.1" 200 201 "http://localhost:3000/admin" "Mozilla/5.0 (Macintosh; Intel Mac OS X 10_12_4) AppleWebKit/537.36 (KHTML, like Gecko) Chrome/57.0.2987.133 Safari/537.36"
[2017-04-23 20:18:33.494] [INFO] cheese - ::1 - - "GET /api/members? HTTP/1.1" 200 22 "http://localhost:3000/admin" "Mozilla/5.0 (Macintosh; Intel Mac OS X 10_12_4) AppleWebKit/537.36 (KHTML, like Gecko) Chrome/57.0.2987.133 Safari/537.36"
[2017-04-23 20:18:33.497] [INFO] cheese - ::1 - - "GET /img/home.png HTTP/1.1" 200 3704 "http://localhost:3000/admin" "Mozilla/5.0 (Macintosh; Intel Mac OS X 10_12_4) AppleWebKit/537.36 (KHTML, like Gecko) Chrome/57.0.2987.133 Safari/537.36"
[2017-04-23 20:18:33.500] [INFO] cheese - ::1 - - "GET /img/logo.png HTTP/1.1" 200 23773 "http://localhost:3000/admin" "Mozilla/5.0 (Macintosh; Intel Mac OS X 10_12_4) AppleWebKit/537.36 (KHTML, like Gecko) Chrome/57.0.2987.133 Safari/537.36"
[2017-04-23 20:18:57.194] [INFO] cheese - ::1 - - "GET /admin HTTP/1.1" 200 710 "" "Mozilla/5.0 (Macintosh; Intel Mac OS X 10_12_4) AppleWebKit/537.36 (KHTML, like Gecko) Chrome/57.0.2987.133 Safari/537.36"
[2017-04-23 20:18:57.251] [INFO] cheese - ::1 - - "GET /css/loader.css HTTP/1.1" 200 4037 "http://localhost:3000/admin" "Mozilla/5.0 (Macintosh; Intel Mac OS X 10_12_4) AppleWebKit/537.36 (KHTML, like Gecko) Chrome/57.0.2987.133 Safari/537.36"
[2017-04-23 20:18:57.263] [INFO] cheese - ::1 - - "GET /build/vendor.bundle.js HTTP/1.1" 200 714543 "http://localhost:3000/admin" "Mozilla/5.0 (Macintosh; Intel Mac OS X 10_12_4) AppleWebKit/537.36 (KHTML, like Gecko) Chrome/57.0.2987.133 Safari/537.36"
[2017-04-23 20:18:57.569] [INFO] cheese - ::1 - - "GET /build/admin.bundle.js HTTP/1.1" 200 2255979 "http://localhost:3000/admin" "Mozilla/5.0 (Macintosh; Intel Mac OS X 10_12_4) AppleWebKit/537.36 (KHTML, like Gecko) Chrome/57.0.2987.133 Safari/537.36"
[2017-04-23 20:18:57.917] [INFO] cheese - ::1 - - "POST /api/user/info? HTTP/1.1" 200 201 "http://localhost:3000/admin" "Mozilla/5.0 (Macintosh; Intel Mac OS X 10_12_4) AppleWebKit/537.36 (KHTML, like Gecko) Chrome/57.0.2987.133 Safari/537.36"
[2017-04-23 20:18:58.130] [INFO] cheese - ::1 - - "POST /api/user/info? HTTP/1.1" 200 201 "http://localhost:3000/admin" "Mozilla/5.0 (Macintosh; Intel Mac OS X 10_12_4) AppleWebKit/537.36 (KHTML, like Gecko) Chrome/57.0.2987.133 Safari/537.36"
[2017-04-23 20:18:58.140] [INFO] cheese - ::1 - - "GET /api/members? HTTP/1.1" 200 22 "http://localhost:3000/admin" "Mozilla/5.0 (Macintosh; Intel Mac OS X 10_12_4) AppleWebKit/537.36 (KHTML, like Gecko) Chrome/57.0.2987.133 Safari/537.36"
[2017-04-23 20:18:58.146] [INFO] cheese - ::1 - - "GET /img/logo.png HTTP/1.1" 200 23773 "http://localhost:3000/admin" "Mozilla/5.0 (Macintosh; Intel Mac OS X 10_12_4) AppleWebKit/537.36 (KHTML, like Gecko) Chrome/57.0.2987.133 Safari/537.36"
[2017-04-23 20:18:58.151] [INFO] cheese - ::1 - - "GET /img/home.png HTTP/1.1" 200 3704 "http://localhost:3000/admin" "Mozilla/5.0 (Macintosh; Intel Mac OS X 10_12_4) AppleWebKit/537.36 (KHTML, like Gecko) Chrome/57.0.2987.133 Safari/537.36"
